[Mon Jul 13 09:37:33 UTC 2026] waiting for stage 3 K=8 outputs
[Mon Jul 13 09:37:33 UTC 2026] found k00
[Mon Jul 13 09:37:33 UTC 2026] found k01
[Mon Jul 13 09:37:33 UTC 2026] found k02
[Mon Jul 13 09:37:33 UTC 2026] found k03
[Mon Jul 13 09:37:33 UTC 2026] found k04
[Mon Jul 13 09:37:33 UTC 2026] found k05
[Mon Jul 13 09:37:33 UTC 2026] found k06
[Mon Jul 13 09:37:33 UTC 2026] found k07
[Mon Jul 13 09:37:33 UTC 2026] exporting reconstruction PNG grids
Saved PNG files to /root/CPA/quantized_update_cpa/stage3_png/k00
Saved PNG files to /root/CPA/quantized_update_cpa/stage3_png/k01
Saved PNG files to /root/CPA/quantized_update_cpa/stage3_png/k02
Saved PNG files to /root/CPA/quantized_update_cpa/stage3_png/k03
Saved PNG files to /root/CPA/quantized_update_cpa/stage3_png/k04
Saved PNG files to /root/CPA/quantized_update_cpa/stage3_png/k05
Saved PNG files to /root/CPA/quantized_update_cpa/stage3_png/k06
Saved PNG files to /root/CPA/quantized_update_cpa/stage3_png/k07
[Mon Jul 13 09:37:42 UTC 2026] plotting stage 3 metrics
  member        cs     lpips       psnr      ssim
0    k00  0.134900  0.738036  11.304873  0.105405
1    k01  0.135232  0.736827  11.310898  0.107429
2    k02  0.134482  0.737185  11.296513  0.105436
3    k03  0.134987  0.737170  11.294616  0.105874
4    k04  0.135216  0.739282  11.303271  0.105649
5    k05  0.134692  0.737305  11.317541  0.107488
6    k06  0.134637  0.737928  11.289693  0.104580
7    k07  0.134846  0.737613  11.317241  0.106483
[Mon Jul 13 09:37:43 UTC 2026] preparing stage 4 quantized-gradient consistency update pickle reuse
[Mon Jul 13 09:37:46 UTC 2026] starting stage 4 quantized-gradient consistency FIA



Wandb: None

exp_path: ./exp/tiny_imagenet/vgg16/attack/cp_qgm/nodef/04_quantized_gradient_consistency_fia_nearest_qgm_uia

Reading gradient data from /root/CPA/quantized_update_cpa/outputs/04_quantized_gradient_consistency_fia_nearest_qgm/tiny_imagenet/vgg16/updates/128.pickle

===Starting Cocktail Party Attack on batch: 0 with batch_size: 128 and n_iter=5000===

batch: 0  iter: 0  loss: 108.206  loss_ne: 0.0  loss_decor: 17.245  loss_nv: 101.716  loss_l1: 0.717  cs: 0.2150000035762787  time: 34
batch: 0  iter: 1000  loss: 100.848  loss_ne: 0.0  loss_decor: 17.625  loss_nv: 34.557  loss_l1: 0.588  cs: 0.6380000114440918  time: 2
batch: 0  iter: 2000  loss: 100.616  loss_ne: 0.0  loss_decor: 17.62  loss_nv: 33.389  loss_l1: 0.578  cs: 0.6620000004768372  time: 1
batch: 0  iter: 3000  loss: 100.573  loss_ne: 0.0  loss_decor: 17.617  loss_nv: 33.244  loss_l1: 0.576  cs: 0.6650000214576721  time: 1
batch: 0  iter: 4000  loss: 100.563  loss_ne: 0.0  loss_decor: 17.617  loss_nv: 33.181  loss_l1: 0.576  cs: 0.6669999957084656  time: 1
batch: 0  iter: 4999  loss: 100.551  loss_ne: 0.0  loss_decor: 17.618  loss_nv: 33.091  loss_l1: 0.575  cs: 0.671999990940094  time: 1

===Starting Feature Inversion on batch: 0 with batch_size: 128 and n_iter=5000===

batch: 0  iter: 0  loss: 1395929.875  loss_fi: 0.714  loss_tv: 2.21  loss_gm: 1395929.0  psnr: 8.694  ssim: 0.015  lpips: 0.753  time: 6
batch: 0  iter: 2000  loss: 5305.595  loss_fi: 0.673  loss_tv: 2.287  loss_gm: 5304.693  psnr: 8.378  ssim: 0.013  lpips: 0.757  time: 362
batch: 0  iter: 4000  loss: 2908.738  loss_fi: 0.675  loss_tv: 2.272  loss_gm: 2907.835  psnr: 8.415  ssim: 0.013  lpips: 0.755  time: 363
batch: 0  iter: 4999  loss: 2652.887  loss_fi: 0.676  loss_tv: 2.271  loss_gm: 2651.985  psnr: 8.418  ssim: 0.013  lpips: 0.755  time: 182

===Starting Cocktail Party Attack on batch: 1 with batch_size: 128 and n_iter=5000===

batch: 1  iter: 0  loss: 108.108  loss_ne: 0.0  loss_decor: 17.245  loss_nv: 100.336  loss_l1: 0.733  cs: 0.2329999953508377  time: 38
batch: 1  iter: 1000  loss: 100.541  loss_ne: 0.0  loss_decor: 17.624  loss_nv: 31.194  loss_l1: 0.616  cs: 0.6679999828338623  time: 2
batch: 1  iter: 2000  loss: 100.294  loss_ne: 0.0  loss_decor: 17.616  loss_nv: 30.049  loss_l1: 0.605  cs: 0.6970000267028809  time: 2
batch: 1  iter: 3000  loss: 100.245  loss_ne: 0.0  loss_decor: 17.615  loss_nv: 29.809  loss_l1: 0.602  cs: 0.7039999961853027  time: 2
batch: 1  iter: 4000  loss: 100.218  loss_ne: 0.0  loss_decor: 17.615  loss_nv: 29.637  loss_l1: 0.601  cs: 0.7070000171661377  time: 2
batch: 1  iter: 4999  loss: 100.2  loss_ne: 0.0  loss_decor: 17.615  loss_nv: 29.536  loss_l1: 0.6  cs: 0.7129999995231628  time: 2

===Starting Feature Inversion on batch: 1 with batch_size: 128 and n_iter=5000===

batch: 1  iter: 0  loss: 1145209.25  loss_fi: 0.717  loss_tv: 2.209  loss_gm: 1145208.25  psnr: 8.732  ssim: 0.015  lpips: 0.748  time: 3
batch: 1  iter: 2000  loss: 8139.757  loss_fi: 0.661  loss_tv: 2.288  loss_gm: 8138.867  psnr: 8.404  ssim: 0.013  lpips: 0.75  time: 363
batch: 1  iter: 4000  loss: 4305.431  loss_fi: 0.66  loss_tv: 2.272  loss_gm: 4304.543  psnr: 8.447  ssim: 0.014  lpips: 0.748  time: 364
batch: 1  iter: 4999  loss: 3837.764  loss_fi: 0.661  loss_tv: 2.271  loss_gm: 3836.876  psnr: 8.45  ssim: 0.014  lpips: 0.748  time: 182

===Starting Cocktail Party Attack on batch: 2 with batch_size: 128 and n_iter=5000===

batch: 2  iter: 0  loss: 108.116  loss_ne: 0.0  loss_decor: 17.245  loss_nv: 100.659  loss_l1: 0.726  cs: 0.22599999606609344  time: 31
batch: 2  iter: 1000  loss: 100.645  loss_ne: 0.0  loss_decor: 17.62  loss_nv: 32.866  loss_l1: 0.597  cs: 0.6549999713897705  time: 2
batch: 2  iter: 2000  loss: 100.425  loss_ne: 0.0  loss_decor: 17.618  loss_nv: 31.607  loss_l1: 0.588  cs: 0.6800000071525574  time: 2
batch: 2  iter: 3000  loss: 100.396  loss_ne: 0.0  loss_decor: 17.617  loss_nv: 31.466  loss_l1: 0.587  cs: 0.6869999766349792  time: 2
batch: 2  iter: 4000  loss: 100.371  loss_ne: 0.0  loss_decor: 17.615  loss_nv: 31.418  loss_l1: 0.585  cs: 0.6890000104904175  time: 2
batch: 2  iter: 4999  loss: 100.361  loss_ne: 0.0  loss_decor: 17.614  loss_nv: 31.441  loss_l1: 0.584  cs: 0.6909999847412109  time: 2

===Starting Feature Inversion on batch: 2 with batch_size: 128 and n_iter=5000===

batch: 2  iter: 0  loss: 2073027.125  loss_fi: 0.724  loss_tv: 2.207  loss_gm: 2073026.125  psnr: 8.669  ssim: 0.014  lpips: 0.737  time: 3
batch: 2  iter: 2000  loss: 8866.271  loss_fi: 0.663  loss_tv: 2.291  loss_gm: 8865.379  psnr: 8.336  ssim: 0.011  lpips: 0.746  time: 363
batch: 2  iter: 4000  loss: 4767.725  loss_fi: 0.663  loss_tv: 2.273  loss_gm: 4766.835  psnr: 8.383  ssim: 0.012  lpips: 0.743  time: 364
batch: 2  iter: 4999  loss: 4469.265  loss_fi: 0.663  loss_tv: 2.272  loss_gm: 4468.375  psnr: 8.386  ssim: 0.012  lpips: 0.743  time: 182

===Starting Cocktail Party Attack on batch: 3 with batch_size: 128 and n_iter=5000===

batch: 3  iter: 0  loss: 108.219  loss_ne: 0.0  loss_decor: 17.245  loss_nv: 102.536  loss_l1: 0.698  cs: 0.19900000095367432  time: 36
batch: 3  iter: 1000  loss: 101.065  loss_ne: 0.0  loss_decor: 17.63  loss_nv: 36.891  loss_l1: 0.566  cs: 0.597000002861023  time: 2
batch: 3  iter: 2000  loss: 100.789  loss_ne: 0.0  loss_decor: 17.621  loss_nv: 35.612  loss_l1: 0.554  cs: 0.6240000128746033  time: 2
batch: 3  iter: 3000  loss: 100.713  loss_ne: 0.0  loss_decor: 17.62  loss_nv: 35.193  loss_l1: 0.551  cs: 0.6330000162124634  time: 2
batch: 3  iter: 4000  loss: 100.696  loss_ne: 0.0  loss_decor: 17.618  loss_nv: 35.158  loss_l1: 0.55  cs: 0.6340000033378601  time: 2
batch: 3  iter: 4999  loss: 100.682  loss_ne: 0.0  loss_decor: 17.618  loss_nv: 35.117  loss_l1: 0.549  cs: 0.6349999904632568  time: 2

===Starting Feature Inversion on batch: 3 with batch_size: 128 and n_iter=5000===

batch: 3  iter: 0  loss: 2732267.75  loss_fi: 0.719  loss_tv: 2.212  loss_gm: 2732266.75  psnr: 8.903  ssim: 0.015  lpips: 0.752  time: 3
batch: 3  iter: 2000  loss: 10103.18  loss_fi: 0.667  loss_tv: 2.298  loss_gm: 10102.283  psnr: 8.532  ssim: 0.014  lpips: 0.762  time: 363
batch: 3  iter: 4000  loss: 5345.291  loss_fi: 0.667  loss_tv: 2.283  loss_gm: 5344.396  psnr: 8.575  ssim: 0.014  lpips: 0.76  time: 364
batch: 3  iter: 4999  loss: 4925.456  loss_fi: 0.668  loss_tv: 2.282  loss_gm: 4924.56  psnr: 8.577  ssim: 0.014  lpips: 0.76  time: 182

===Starting Cocktail Party Attack on batch: 4 with batch_size: 128 and n_iter=5000===

batch: 4  iter: 0  loss: 108.205  loss_ne: 0.0  loss_decor: 17.245  loss_nv: 102.753  loss_l1: 0.69  cs: 0.20000000298023224  time: 37
batch: 4  iter: 1000  loss: 101.166  loss_ne: 0.0  loss_decor: 17.625  loss_nv: 38.002  loss_l1: 0.563  cs: 0.5529999732971191  time: 2
batch: 4  iter: 2000  loss: 100.867  loss_ne: 0.0  loss_decor: 17.616  loss_nv: 36.548  loss_l1: 0.55  cs: 0.5879999995231628  time: 2
batch: 4  iter: 3000  loss: 100.819  loss_ne: 0.0  loss_decor: 17.616  loss_nv: 36.25  loss_l1: 0.548  cs: 0.593999981880188  time: 2
batch: 4  iter: 4000  loss: 100.782  loss_ne: 0.0  loss_decor: 17.616  loss_nv: 36.045  loss_l1: 0.547  cs: 0.5989999771118164  time: 2
batch: 4  iter: 4999  loss: 100.759  loss_ne: 0.0  loss_decor: 17.615  loss_nv: 35.918  loss_l1: 0.546  cs: 0.6029999852180481  time: 2

===Starting Feature Inversion on batch: 4 with batch_size: 128 and n_iter=5000===

batch: 4  iter: 0  loss: 1182970.875  loss_fi: 0.712  loss_tv: 2.211  loss_gm: 1182970.0  psnr: 8.662  ssim: 0.014  lpips: 0.742  time: 3
batch: 4  iter: 2000  loss: 8862.192  loss_fi: 0.644  loss_tv: 2.277  loss_gm: 8861.32  psnr: 8.37  ssim: 0.013  lpips: 0.745  time: 363
batch: 4  iter: 4000  loss: 4550.86  loss_fi: 0.646  loss_tv: 2.257  loss_gm: 4549.989  psnr: 8.42  ssim: 0.013  lpips: 0.742  time: 364
batch: 4  iter: 4999  loss: 3945.606  loss_fi: 0.646  loss_tv: 2.255  loss_gm: 3944.735  psnr: 8.424  ssim: 0.013  lpips: 0.742  time: 182

===Starting Cocktail Party Attack on batch: 5 with batch_size: 128 and n_iter=5000===

batch: 5  iter: 0  loss: 108.25  loss_ne: 0.0  loss_decor: 17.245  loss_nv: 102.082  loss_l1: 0.716  cs: 0.21400000154972076  time: 29
batch: 5  iter: 1000  loss: 100.757  loss_ne: 0.0  loss_decor: 17.623  loss_nv: 34.33  loss_l1: 0.579  cs: 0.6290000081062317  time: 2
batch: 5  iter: 2000  loss: 100.533  loss_ne: 0.0  loss_decor: 17.615  loss_nv: 33.308  loss_l1: 0.569  cs: 0.6589999794960022  time: 2
batch: 5  iter: 3000  loss: 100.501  loss_ne: 0.0  loss_decor: 17.613  loss_nv: 33.167  loss_l1: 0.568  cs: 0.6610000133514404  time: 2
batch: 5  iter: 4000  loss: 100.491  loss_ne: 0.0  loss_decor: 17.613  loss_nv: 33.12  loss_l1: 0.568  cs: 0.6629999876022339  time: 2
batch: 5  iter: 4999  loss: 100.486  loss_ne: 0.0  loss_decor: 17.613  loss_nv: 33.06  loss_l1: 0.567  cs: 0.6650000214576721  time: 2

===Starting Feature Inversion on batch: 5 with batch_size: 128 and n_iter=5000===

batch: 5  iter: 0  loss: 1642166.5  loss_fi: 0.728  loss_tv: 2.211  loss_gm: 1642165.5  psnr: 8.677  ssim: 0.015  lpips: 0.742  time: 3
batch: 5  iter: 2000  loss: 11994.936  loss_fi: 0.649  loss_tv: 2.296  loss_gm: 11994.057  psnr: 8.345  ssim: 0.013  lpips: 0.748  time: 364
batch: 5  iter: 4000  loss: 6820.839  loss_fi: 0.645  loss_tv: 2.279  loss_gm: 6819.966  psnr: 8.392  ssim: 0.014  lpips: 0.744  time: 363
batch: 5  iter: 4999  loss: 5894.428  loss_fi: 0.645  loss_tv: 2.278  loss_gm: 5893.555  psnr: 8.395  ssim: 0.014  lpips: 0.744  time: 182

===Starting Cocktail Party Attack on batch: 6 with batch_size: 128 and n_iter=5000===

batch: 6  iter: 0  loss: 108.116  loss_ne: 0.0  loss_decor: 17.245  loss_nv: 100.777  loss_l1: 0.723  cs: 0.21899999678134918  time: 34
batch: 6  iter: 1000  loss: 100.845  loss_ne: 0.0  loss_decor: 17.628  loss_nv: 34.177  loss_l1: 0.594  cs: 0.6299999952316284  time: 2
batch: 6  iter: 2000  loss: 100.546  loss_ne: 0.0  loss_decor: 17.622  loss_nv: 32.636  loss_l1: 0.581  cs: 0.6790000200271606  time: 2
batch: 6  iter: 3000  loss: 100.475  loss_ne: 0.0  loss_decor: 17.619  loss_nv: 32.328  loss_l1: 0.579  cs: 0.6930000185966492  time: 2
batch: 6  iter: 4000  loss: 100.451  loss_ne: 0.0  loss_decor: 17.617  loss_nv: 32.256  loss_l1: 0.578  cs: 0.6940000057220459  time: 2
batch: 6  iter: 4999  loss: 100.446  loss_ne: 0.0  loss_decor: 17.617  loss_nv: 32.214  loss_l1: 0.577  cs: 0.6959999799728394  time: 2

===Starting Feature Inversion on batch: 6 with batch_size: 128 and n_iter=5000===

batch: 6  iter: 0  loss: 1933156.625  loss_fi: 0.711  loss_tv: 2.208  loss_gm: 1933155.75  psnr: 8.71  ssim: 0.014  lpips: 0.75  time: 3
batch: 6  iter: 2000  loss: 12305.08  loss_fi: 0.651  loss_tv: 2.29  loss_gm: 12304.2  psnr: 8.372  ssim: 0.012  lpips: 0.755  time: 364
batch: 6  iter: 4000  loss: 6513.948  loss_fi: 0.65  loss_tv: 2.273  loss_gm: 6513.071  psnr: 8.42  ssim: 0.012  lpips: 0.753  time: 364
batch: 6  iter: 4999  loss: 5660.514  loss_fi: 0.65  loss_tv: 2.272  loss_gm: 5659.637  psnr: 8.423  ssim: 0.012  lpips: 0.753  time: 182

===Starting Cocktail Party Attack on batch: 7 with batch_size: 128 and n_iter=5000===

batch: 7  iter: 0  loss: 108.23  loss_ne: 0.0  loss_decor: 17.245  loss_nv: 103.807  loss_l1: 0.667  cs: 0.1899999976158142  time: 48
batch: 7  iter: 1000  loss: 101.097  loss_ne: 0.0  loss_decor: 17.621  loss_nv: 39.01  loss_l1: 0.527  cs: 0.5149999856948853  time: 2
batch: 7  iter: 2000  loss: 100.839  loss_ne: 0.0  loss_decor: 17.608  loss_nv: 37.892  loss_l1: 0.518  cs: 0.5360000133514404  time: 2
batch: 7  iter: 3000  loss: 100.783  loss_ne: 0.0  loss_decor: 17.607  loss_nv: 37.603  loss_l1: 0.515  cs: 0.5460000038146973  time: 2
batch: 7  iter: 4000  loss: 100.769  loss_ne: 0.0  loss_decor: 17.608  loss_nv: 37.492  loss_l1: 0.514  cs: 0.5490000247955322  time: 2
batch: 7  iter: 4999  loss: 100.76  loss_ne: 0.0  loss_decor: 17.608  loss_nv: 37.425  loss_l1: 0.514  cs: 0.5509999990463257  time: 2

===Starting Feature Inversion on batch: 7 with batch_size: 128 and n_iter=5000===

batch: 7  iter: 0  loss: 1154092.75  loss_fi: 0.725  loss_tv: 2.211  loss_gm: 1154091.75  psnr: 8.946  ssim: 0.015  lpips: 0.738  time: 3
batch: 7  iter: 2000  loss: 8163.3  loss_fi: 0.666  loss_tv: 2.282  loss_gm: 8162.406  psnr: 8.623  ssim: 0.013  lpips: 0.742  time: 363
batch: 7  iter: 4000  loss: 4796.495  loss_fi: 0.664  loss_tv: 2.262  loss_gm: 4795.605  psnr: 8.676  ssim: 0.013  lpips: 0.74  time: 502
batch: 7  iter: 4999  loss: 3960.664  loss_fi: 0.664  loss_tv: 2.261  loss_gm: 3959.774  psnr: 8.679  ssim: 0.013  lpips: 0.74  time: 272

===Starting Cocktail Party Attack on batch: 8 with batch_size: 128 and n_iter=5000===

batch: 8  iter: 0  loss: 108.266  loss_ne: 0.0  loss_decor: 17.245  loss_nv: 102.408  loss_l1: 0.711  cs: 0.2070000022649765  time: 33
batch: 8  iter: 1000  loss: 101.2  loss_ne: 0.0  loss_decor: 17.631  loss_nv: 37.032  loss_l1: 0.589  cs: 0.6069999933242798  time: 2
batch: 8  iter: 2000  loss: 100.875  loss_ne: 0.0  loss_decor: 17.624  loss_nv: 35.321  loss_l1: 0.575  cs: 0.6489999890327454  time: 2
batch: 8  iter: 3000  loss: 100.811  loss_ne: 0.0  loss_decor: 17.625  loss_nv: 34.937  loss_l1: 0.571  cs: 0.6579999923706055  time: 2
batch: 8  iter: 4000  loss: 100.793  loss_ne: 0.0  loss_decor: 17.622  loss_nv: 34.939  loss_l1: 0.571  cs: 0.6570000052452087  time: 2
batch: 8  iter: 4999  loss: 100.777  loss_ne: 0.0  loss_decor: 17.623  loss_nv: 34.816  loss_l1: 0.57  cs: 0.652999997138977  time: 2

===Starting Feature Inversion on batch: 8 with batch_size: 128 and n_iter=5000===

batch: 8  iter: 0  loss: 1427184.125  loss_fi: 0.713  loss_tv: 2.21  loss_gm: 1427183.25  psnr: 8.76  ssim: 0.014  lpips: 0.751  time: 3
batch: 8  iter: 2000  loss: 8261.043  loss_fi: 0.655  loss_tv: 2.28  loss_gm: 8260.159  psnr: 8.457  ssim: 0.013  lpips: 0.758  time: 849
batch: 8  iter: 4000  loss: 4219.032  loss_fi: 0.655  loss_tv: 2.26  loss_gm: 4218.151  psnr: 8.511  ssim: 0.013  lpips: 0.756  time: 892
batch: 8  iter: 4999  loss: 3871.879  loss_fi: 0.655  loss_tv: 2.259  loss_gm: 3870.998  psnr: 8.515  ssim: 0.013  lpips: 0.755  time: 447

===Starting Cocktail Party Attack on batch: 9 with batch_size: 128 and n_iter=5000===

batch: 9  iter: 0  loss: 108.229  loss_ne: 0.0  loss_decor: 17.245  loss_nv: 101.777  loss_l1: 0.72  cs: 0.21699999272823334  time: 50
batch: 9  iter: 1000  loss: 100.927  loss_ne: 0.0  loss_decor: 17.627  loss_nv: 35.12  loss_l1: 0.588  cs: 0.6669999957084656  time: 10
batch: 9  iter: 2000  loss: 100.656  loss_ne: 0.0  loss_decor: 17.622  loss_nv: 33.7  loss_l1: 0.576  cs: 0.6970000267028809  time: 10
batch: 9  iter: 3000  loss: 100.602  loss_ne: 0.0  loss_decor: 17.621  loss_nv: 33.398  loss_l1: 0.574  cs: 0.7059999704360962  time: 10
batch: 9  iter: 4000  loss: 100.575  loss_ne: 0.0  loss_decor: 17.62  loss_nv: 33.293  loss_l1: 0.572  cs: 0.7099999785423279  time: 10
batch: 9  iter: 4999  loss: 100.569  loss_ne: 0.0  loss_decor: 17.62  loss_nv: 33.266  loss_l1: 0.572  cs: 0.7120000123977661  time: 10

===Starting Feature Inversion on batch: 9 with batch_size: 128 and n_iter=5000===

batch: 9  iter: 0  loss: 1793715.5  loss_fi: 0.723  loss_tv: 2.212  loss_gm: 1793714.5  psnr: 8.607  ssim: 0.014  lpips: 0.748  time: 5
batch: 9  iter: 2000  loss: 10308.441  loss_fi: 0.657  loss_tv: 2.296  loss_gm: 10307.555  psnr: 8.266  ssim: 0.013  lpips: 0.755  time: 891
batch: 9  iter: 4000  loss: 5444.194  loss_fi: 0.656  loss_tv: 2.28  loss_gm: 5443.31  psnr: 8.309  ssim: 0.013  lpips: 0.752  time: 890
batch: 9  iter: 4999  loss: 5136.575  loss_fi: 0.656  loss_tv: 2.279  loss_gm: 5135.691  psnr: 8.312  ssim: 0.013  lpips: 0.752  time: 446
[Mon Jul 13 13:06:16 UTC 2026] stage 4 finished
